This file contains any messages produced by compilers while
running configure, to aid debugging if configure makes a mistake.

It was created by tesseract configure 3.04.01, which was
generated by GNU Autoconf 2.69.  Invocation command line was

  $ ./configure --silent --prefix=/app/.vendor/tesseract --with-extra-libraries=/app/.vendor/leptonica-1.71/lib

## --------- ##
## Platform. ##
## --------- ##

hostname = ubuntu
uname -m = x86_64
uname -r = 4.4.0-31-generic
uname -s = Linux
uname -v = #50~14.04.1-Ubuntu SMP Wed Jul 13 01:07:32 UTC 2016

/usr/bin/uname -p = unknown
/bin/uname -X     = unknown

/bin/arch              = unknown
/usr/bin/arch -k       = unknown
/usr/convex/getsysinfo = unknown
/usr/bin/hostinfo      = unknown
/bin/machine           = unknown
/usr/bin/oslevel       = unknown
/bin/universe          = unknown

PATH: /usr/local/sbin
PATH: /usr/local/bin
PATH: /usr/sbin
PATH: /usr/bin
PATH: /sbin
PATH: /bin


## ----------- ##
## Core tests. ##
## ----------- ##

configure:2593: checking for g++
configure:2609: found /usr/bin/g++
configure:2620: result: g++
configure:2647: checking for C++ compiler version
configure:2656: g++ --version >&5
g++ (Ubuntu 4.8.4-2ubuntu1~14.04.3) 4.8.4
Copyright (C) 2013 Free Software Foundation, Inc.
This is free software; see the source for copying conditions.  There is NO
warranty; not even for MERCHANTABILITY or FITNESS FOR A PARTICULAR PURPOSE.

configure:2667: $? = 0
configure:2656: g++ -v >&5
Using built-in specs.
COLLECT_GCC=g++
COLLECT_LTO_WRAPPER=/usr/lib/gcc/x86_64-linux-gnu/4.8/lto-wrapper
Target: x86_64-linux-gnu
Configured with: ../src/configure -v --with-pkgversion='Ubuntu 4.8.4-2ubuntu1~14.04.3' --with-bugurl=file:///usr/share/doc/gcc-4.8/README.Bugs --enable-languages=c,c++,java,go,d,fortran,objc,obj-c++ --prefix=/usr --program-suffix=-4.8 --enable-shared --enable-linker-build-id --libexecdir=/usr/lib --without-included-gettext --enable-threads=posix --with-gxx-include-dir=/usr/include/c++/4.8 --libdir=/usr/lib --enable-nls --with-sysroot=/ --enable-clocale=gnu --enable-libstdcxx-debug --enable-libstdcxx-time=yes --enable-gnu-unique-object --disable-libmudflap --enable-plugin --with-system-zlib --disable-browser-plugin --enable-java-awt=gtk --enable-gtk-cairo --with-java-home=/usr/lib/jvm/java-1.5.0-gcj-4.8-amd64/jre --enable-java-home --with-jvm-root-dir=/usr/lib/jvm/java-1.5.0-gcj-4.8-amd64 --with-jvm-jar-dir=/usr/lib/jvm-exports/java-1.5.0-gcj-4.8-amd64 --with-arch-directory=amd64 --with-ecj-jar=/usr/share/java/eclipse-ecj.jar --enable-objc-gc --enable-multiarch --disable-werror --with-arch-32=i686 --with-abi=m64 --with-multilib-list=m32,m64,mx32 --with-tune=generic --enable-checking=release --build=x86_64-linux-gnu --host=x86_64-linux-gnu --target=x86_64-linux-gnu
Thread model: posix
gcc version 4.8.4 (Ubuntu 4.8.4-2ubuntu1~14.04.3) 
configure:2667: $? = 0
configure:2656: g++ -V >&5
g++: error: unrecognized command line option '-V'
g++: fatal error: no input files
compilation terminated.
configure:2667: $? = 4
configure:2656: g++ -qversion >&5
g++: error: unrecognized command line option '-qversion'
g++: fatal error: no input files
compilation terminated.
configure:2667: $? = 4
configure:2687: checking whether the C++ compiler works
configure:2709: g++    conftest.cpp  >&5
configure:2713: $? = 0
configure:2761: result: yes
configure:2764: checking for C++ compiler default output file name
configure:2766: result: a.out
configure:2772: checking for suffix of executables
configure:2779: g++ -o conftest    conftest.cpp  >&5
configure:2783: $? = 0
configure:2805: result: 
configure:2827: checking whether we are cross compiling
configure:2835: g++ -o conftest    conftest.cpp  >&5
configure:2839: $? = 0
configure:2846: ./conftest
configure:2850: $? = 0
configure:2865: result: no
configure:2870: checking for suffix of object files
configure:2892: g++ -c   conftest.cpp >&5
configure:2896: $? = 0
configure:2917: result: o
configure:2921: checking whether we are using the GNU C++ compiler
configure:2940: g++ -c   conftest.cpp >&5
configure:2940: $? = 0
configure:2949: result: yes
configure:2958: checking whether g++ accepts -g
configure:2978: g++ -c -g  conftest.cpp >&5
configure:2978: $? = 0
configure:3019: result: yes
configure:3192: checking for a BSD-compatible install
configure:3260: result: /usr/bin/install -c
configure:3271: checking whether build environment is sane
configure:3326: result: yes
configure:3477: checking for a thread-safe mkdir -p
configure:3516: result: /bin/mkdir -p
configure:3523: checking for gawk
configure:3553: result: no
configure:3523: checking for mawk
configure:3539: found /usr/bin/mawk
configure:3550: result: mawk
configure:3561: checking whether make sets $(MAKE)
configure:3583: result: yes
configure:3613: checking for style of include used by make
configure:3641: result: GNU
configure:3675: checking whether make supports nested variables
configure:3692: result: yes
configure:3777: checking dependency style of g++
configure:3888: result: gcc3
configure:3948: checking whether to enable maintainer-specific portions of Makefiles
configure:3957: result: no
configure:4016: checking build system type
configure:4030: result: x86_64-unknown-linux-gnu
configure:4050: checking host system type
configure:4063: result: x86_64-unknown-linux-gnu
configure:4200: checking --enable-graphics argument
configure:4209: result: yes
configure:4226: checking whether to disable cube
configure:4235: result: no
configure:4251: checking --enable-embedded argument
configure:4260: result: no
configure:4292: checking for g++ option to support OpenMP
configure:4307: g++ -o conftest -g -O2   -L/app/.vendor/leptonica-1.71/lib conftest.cpp  >&5
conftest.cpp:18:2: error: 'choke' does not name a type
  choke me
  ^
In file included from conftest.cpp:20:0:
/usr/lib/gcc/x86_64-linux-gnu/4.8/include/omp.h:38:3: error: 'omp_lock_t' does not name a type
 } omp_lock_t;
   ^
/usr/lib/gcc/x86_64-linux-gnu/4.8/include/omp.h:81:28: error: variable or field 'omp_init_lock' declared void
 extern void omp_init_lock (omp_lock_t *) __GOMP_NOTHROW;
                            ^
/usr/lib/gcc/x86_64-linux-gnu/4.8/include/omp.h:81:28: error: 'omp_lock_t' was not declared in this scope
/usr/lib/gcc/x86_64-linux-gnu/4.8/include/omp.h:81:40: error: expected primary-expression before ')' token
 extern void omp_init_lock (omp_lock_t *) __GOMP_NOTHROW;
                                        ^
/usr/lib/gcc/x86_64-linux-gnu/4.8/include/omp.h:82:31: error: variable or field 'omp_destroy_lock' declared void
 extern void omp_destroy_lock (omp_lock_t *) __GOMP_NOTHROW;
                               ^
/usr/lib/gcc/x86_64-linux-gnu/4.8/include/omp.h:82:31: error: 'omp_lock_t' was not declared in this scope
/usr/lib/gcc/x86_64-linux-gnu/4.8/include/omp.h:82:43: error: expected primary-expression before ')' token
 extern void omp_destroy_lock (omp_lock_t *) __GOMP_NOTHROW;
                                           ^
/usr/lib/gcc/x86_64-linux-gnu/4.8/include/omp.h:83:27: error: variable or field 'omp_set_lock' declared void
 extern void omp_set_lock (omp_lock_t *) __GOMP_NOTHROW;
                           ^
/usr/lib/gcc/x86_64-linux-gnu/4.8/include/omp.h:83:27: error: 'omp_lock_t' was not declared in this scope
/usr/lib/gcc/x86_64-linux-gnu/4.8/include/omp.h:83:39: error: expected primary-expression before ')' token
 extern void omp_set_lock (omp_lock_t *) __GOMP_NOTHROW;
                                       ^
/usr/lib/gcc/x86_64-linux-gnu/4.8/include/omp.h:84:29: error: variable or field 'omp_unset_lock' declared void
 extern void omp_unset_lock (omp_lock_t *) __GOMP_NOTHROW;
                             ^
/usr/lib/gcc/x86_64-linux-gnu/4.8/include/omp.h:84:29: error: 'omp_lock_t' was not declared in this scope
/usr/lib/gcc/x86_64-linux-gnu/4.8/include/omp.h:84:41: error: expected primary-expression before ')' token
 extern void omp_unset_lock (omp_lock_t *) __GOMP_NOTHROW;
                                         ^
/usr/lib/gcc/x86_64-linux-gnu/4.8/include/omp.h:85:27: error: 'omp_lock_t' was not declared in this scope
 extern int omp_test_lock (omp_lock_t *) __GOMP_NOTHROW;
                           ^
/usr/lib/gcc/x86_64-linux-gnu/4.8/include/omp.h:85:39: error: expected primary-expression before ')' token
 extern int omp_test_lock (omp_lock_t *) __GOMP_NOTHROW;
                                       ^
/usr/lib/gcc/x86_64-linux-gnu/4.8/include/omp.h:85:41: error: expected ',' or ';' before 'throw'
 extern int omp_test_lock (omp_lock_t *) __GOMP_NOTHROW;
                                         ^
configure:4307: $? = 1
configure: failed program was:
| /* confdefs.h */
| #define PACKAGE_NAME "tesseract"
| #define PACKAGE_TARNAME "tesseract"
| #define PACKAGE_VERSION "3.04.01"
| #define PACKAGE_STRING "tesseract 3.04.01"
| #define PACKAGE_BUGREPORT "https://github.com/tesseract-ocr/tesseract/issues"
| #define PACKAGE_URL ""
| #define GIT_REV "3.04.01"
| #define PACKAGE_NAME "tesseract"
| #define PACKAGE_VERSION "3.04.01"
| #define PACKAGE_YEAR "2016"
| #define PACKAGE_DATE "02/16"
| #define PACKAGE "tesseract"
| #define VERSION "3.04.01"
| /* end confdefs.h.  */
| 
| #ifndef _OPENMP
|  choke me
| #endif
| #include <omp.h>
| int main () { return omp_get_num_threads (); }
| 
configure:4325: g++ -o conftest -g -O2 -fopenmp   -L/app/.vendor/leptonica-1.71/lib conftest.cpp  >&5
configure:4325: $? = 0
configure:4339: result: -fopenmp
configure:4369: checking --enable-opencl argument
configure:4378: result: no
configure:4387: checking how to run the C++ preprocessor
configure:4414: g++ -E  conftest.cpp
configure:4414: $? = 0
configure:4428: g++ -E  conftest.cpp
conftest.cpp:16:28: fatal error: ac_nonexistent.h: No such file or directory
 #include <ac_nonexistent.h>
                            ^
compilation terminated.
configure:4428: $? = 1
configure: failed program was:
| /* confdefs.h */
| #define PACKAGE_NAME "tesseract"
| #define PACKAGE_TARNAME "tesseract"
| #define PACKAGE_VERSION "3.04.01"
| #define PACKAGE_STRING "tesseract 3.04.01"
| #define PACKAGE_BUGREPORT "https://github.com/tesseract-ocr/tesseract/issues"
| #define PACKAGE_URL ""
| #define GIT_REV "3.04.01"
| #define PACKAGE_NAME "tesseract"
| #define PACKAGE_VERSION "3.04.01"
| #define PACKAGE_YEAR "2016"
| #define PACKAGE_DATE "02/16"
| #define PACKAGE "tesseract"
| #define VERSION "3.04.01"
| /* end confdefs.h.  */
| #include <ac_nonexistent.h>
configure:4453: result: g++ -E
configure:4473: g++ -E  conftest.cpp
configure:4473: $? = 0
configure:4487: g++ -E  conftest.cpp
conftest.cpp:16:28: fatal error: ac_nonexistent.h: No such file or directory
 #include <ac_nonexistent.h>
                            ^
compilation terminated.
configure:4487: $? = 1
configure: failed program was:
| /* confdefs.h */
| #define PACKAGE_NAME "tesseract"
| #define PACKAGE_TARNAME "tesseract"
| #define PACKAGE_VERSION "3.04.01"
| #define PACKAGE_STRING "tesseract 3.04.01"
| #define PACKAGE_BUGREPORT "https://github.com/tesseract-ocr/tesseract/issues"
| #define PACKAGE_URL ""
| #define GIT_REV "3.04.01"
| #define PACKAGE_NAME "tesseract"
| #define PACKAGE_VERSION "3.04.01"
| #define PACKAGE_YEAR "2016"
| #define PACKAGE_DATE "02/16"
| #define PACKAGE "tesseract"
| #define VERSION "3.04.01"
| /* end confdefs.h.  */
| #include <ac_nonexistent.h>
configure:4516: checking for grep that handles long lines and -e
configure:4574: result: /bin/grep
configure:4579: checking for egrep
configure:4641: result: /bin/grep -E
configure:4646: checking for ANSI C header files
configure:4666: g++ -c -g -O2  conftest.cpp >&5
configure:4666: $? = 0
configure:4739: g++ -o conftest -g -O2   -L/app/.vendor/leptonica-1.71/lib conftest.cpp  >&5
configure:4739: $? = 0
configure:4739: ./conftest
configure:4739: $? = 0
configure:4750: result: yes
configure:4763: checking for sys/types.h
configure:4763: g++ -c -g -O2  conftest.cpp >&5
configure:4763: $? = 0
configure:4763: result: yes
configure:4763: checking for sys/stat.h
configure:4763: g++ -c -g -O2  conftest.cpp >&5
configure:4763: $? = 0
configure:4763: result: yes
configure:4763: checking for stdlib.h
configure:4763: g++ -c -g -O2  conftest.cpp >&5
configure:4763: $? = 0
configure:4763: result: yes
configure:4763: checking for string.h
configure:4763: g++ -c -g -O2  conftest.cpp >&5
configure:4763: $? = 0
configure:4763: result: yes
configure:4763: checking for memory.h
configure:4763: g++ -c -g -O2  conftest.cpp >&5
configure:4763: $? = 0
configure:4763: result: yes
configure:4763: checking for strings.h
configure:4763: g++ -c -g -O2  conftest.cpp >&5
configure:4763: $? = 0
configure:4763: result: yes
configure:4763: checking for inttypes.h
configure:4763: g++ -c -g -O2  conftest.cpp >&5
configure:4763: $? = 0
configure:4763: result: yes
configure:4763: checking for stdint.h
configure:4763: g++ -c -g -O2  conftest.cpp >&5
configure:4763: $? = 0
configure:4763: result: yes
configure:4763: checking for unistd.h
configure:4763: g++ -c -g -O2  conftest.cpp >&5
configure:4763: $? = 0
configure:4763: result: yes
configure:4777: checking CL/cl.h usability
configure:4777: g++ -c -g -O2  conftest.cpp >&5
conftest.cpp:59:19: fatal error: CL/cl.h: No such file or directory
 #include <CL/cl.h>
                   ^
compilation terminated.
configure:4777: $? = 1
configure: failed program was:
| /* confdefs.h */
| #define PACKAGE_NAME "tesseract"
| #define PACKAGE_TARNAME "tesseract"
| #define PACKAGE_VERSION "3.04.01"
| #define PACKAGE_STRING "tesseract 3.04.01"
| #define PACKAGE_BUGREPORT "https://github.com/tesseract-ocr/tesseract/issues"
| #define PACKAGE_URL ""
| #define GIT_REV "3.04.01"
| #define PACKAGE_NAME "tesseract"
| #define PACKAGE_VERSION "3.04.01"
| #define PACKAGE_YEAR "2016"
| #define PACKAGE_DATE "02/16"
| #define PACKAGE "tesseract"
| #define VERSION "3.04.01"
| #define STDC_HEADERS 1
| #define HAVE_SYS_TYPES_H 1
| #define HAVE_SYS_STAT_H 1
| #define HAVE_STDLIB_H 1
| #define HAVE_STRING_H 1
| #define HAVE_MEMORY_H 1
| #define HAVE_STRINGS_H 1
| #define HAVE_INTTYPES_H 1
| #define HAVE_STDINT_H 1
| #define HAVE_UNISTD_H 1
| /* end confdefs.h.  */
| #include <stdio.h>
| #ifdef HAVE_SYS_TYPES_H
| # include <sys/types.h>
| #endif
| #ifdef HAVE_SYS_STAT_H
| # include <sys/stat.h>
| #endif
| #ifdef STDC_HEADERS
| # include <stdlib.h>
| # include <stddef.h>
| #else
| # ifdef HAVE_STDLIB_H
| #  include <stdlib.h>
| # endif
| #endif
| #ifdef HAVE_STRING_H
| # if !defined STDC_HEADERS && defined HAVE_MEMORY_H
| #  include <memory.h>
| # endif
| # include <string.h>
| #endif
| #ifdef HAVE_STRINGS_H
| # include <strings.h>
| #endif
| #ifdef HAVE_INTTYPES_H
| # include <inttypes.h>
| #endif
| #ifdef HAVE_STDINT_H
| # include <stdint.h>
| #endif
| #ifdef HAVE_UNISTD_H
| # include <unistd.h>
| #endif
| #include <CL/cl.h>
configure:4777: result: no
configure:4777: checking CL/cl.h presence
configure:4777: g++ -E  conftest.cpp
conftest.cpp:26:19: fatal error: CL/cl.h: No such file or directory
 #include <CL/cl.h>
                   ^
compilation terminated.
configure:4777: $? = 1
configure: failed program was:
| /* confdefs.h */
| #define PACKAGE_NAME "tesseract"
| #define PACKAGE_TARNAME "tesseract"
| #define PACKAGE_VERSION "3.04.01"
| #define PACKAGE_STRING "tesseract 3.04.01"
| #define PACKAGE_BUGREPORT "https://github.com/tesseract-ocr/tesseract/issues"
| #define PACKAGE_URL ""
| #define GIT_REV "3.04.01"
| #define PACKAGE_NAME "tesseract"
| #define PACKAGE_VERSION "3.04.01"
| #define PACKAGE_YEAR "2016"
| #define PACKAGE_DATE "02/16"
| #define PACKAGE "tesseract"
| #define VERSION "3.04.01"
| #define STDC_HEADERS 1
| #define HAVE_SYS_TYPES_H 1
| #define HAVE_SYS_STAT_H 1
| #define HAVE_STDLIB_H 1
| #define HAVE_STRING_H 1
| #define HAVE_MEMORY_H 1
| #define HAVE_STRINGS_H 1
| #define HAVE_INTTYPES_H 1
| #define HAVE_STDINT_H 1
| #define HAVE_UNISTD_H 1
| /* end confdefs.h.  */
| #include <CL/cl.h>
configure:4777: result: no
configure:4777: checking for CL/cl.h
configure:4777: result: no
configure:4787: checking OpenCL/cl.h usability
configure:4787: g++ -c -g -O2  conftest.cpp >&5
conftest.cpp:59:23: fatal error: OpenCL/cl.h: No such file or directory
 #include <OpenCL/cl.h>
                       ^
compilation terminated.
configure:4787: $? = 1
configure: failed program was:
| /* confdefs.h */
| #define PACKAGE_NAME "tesseract"
| #define PACKAGE_TARNAME "tesseract"
| #define PACKAGE_VERSION "3.04.01"
| #define PACKAGE_STRING "tesseract 3.04.01"
| #define PACKAGE_BUGREPORT "https://github.com/tesseract-ocr/tesseract/issues"
| #define PACKAGE_URL ""
| #define GIT_REV "3.04.01"
| #define PACKAGE_NAME "tesseract"
| #define PACKAGE_VERSION "3.04.01"
| #define PACKAGE_YEAR "2016"
| #define PACKAGE_DATE "02/16"
| #define PACKAGE "tesseract"
| #define VERSION "3.04.01"
| #define STDC_HEADERS 1
| #define HAVE_SYS_TYPES_H 1
| #define HAVE_SYS_STAT_H 1
| #define HAVE_STDLIB_H 1
| #define HAVE_STRING_H 1
| #define HAVE_MEMORY_H 1
| #define HAVE_STRINGS_H 1
| #define HAVE_INTTYPES_H 1
| #define HAVE_STDINT_H 1
| #define HAVE_UNISTD_H 1
| /* end confdefs.h.  */
| #include <stdio.h>
| #ifdef HAVE_SYS_TYPES_H
| # include <sys/types.h>
| #endif
| #ifdef HAVE_SYS_STAT_H
| # include <sys/stat.h>
| #endif
| #ifdef STDC_HEADERS
| # include <stdlib.h>
| # include <stddef.h>
| #else
| # ifdef HAVE_STDLIB_H
| #  include <stdlib.h>
| # endif
| #endif
| #ifdef HAVE_STRING_H
| # if !defined STDC_HEADERS && defined HAVE_MEMORY_H
| #  include <memory.h>
| # endif
| # include <string.h>
| #endif
| #ifdef HAVE_STRINGS_H
| # include <strings.h>
| #endif
| #ifdef HAVE_INTTYPES_H
| # include <inttypes.h>
| #endif
| #ifdef HAVE_STDINT_H
| # include <stdint.h>
| #endif
| #ifdef HAVE_UNISTD_H
| # include <unistd.h>
| #endif
| #include <OpenCL/cl.h>
configure:4787: result: no
configure:4787: checking OpenCL/cl.h presence
configure:4787: g++ -E  conftest.cpp
conftest.cpp:26:23: fatal error: OpenCL/cl.h: No such file or directory
 #include <OpenCL/cl.h>
                       ^
compilation terminated.
configure:4787: $? = 1
configure: failed program was:
| /* confdefs.h */
| #define PACKAGE_NAME "tesseract"
| #define PACKAGE_TARNAME "tesseract"
| #define PACKAGE_VERSION "3.04.01"
| #define PACKAGE_STRING "tesseract 3.04.01"
| #define PACKAGE_BUGREPORT "https://github.com/tesseract-ocr/tesseract/issues"
| #define PACKAGE_URL ""
| #define GIT_REV "3.04.01"
| #define PACKAGE_NAME "tesseract"
| #define PACKAGE_VERSION "3.04.01"
| #define PACKAGE_YEAR "2016"
| #define PACKAGE_DATE "02/16"
| #define PACKAGE "tesseract"
| #define VERSION "3.04.01"
| #define STDC_HEADERS 1
| #define HAVE_SYS_TYPES_H 1
| #define HAVE_SYS_STAT_H 1
| #define HAVE_STDLIB_H 1
| #define HAVE_STRING_H 1
| #define HAVE_MEMORY_H 1
| #define HAVE_STRINGS_H 1
| #define HAVE_INTTYPES_H 1
| #define HAVE_STDINT_H 1
| #define HAVE_UNISTD_H 1
| /* end confdefs.h.  */
| #include <OpenCL/cl.h>
configure:4787: result: no
configure:4787: checking for OpenCL/cl.h
configure:4787: result: no
configure:4808: checking tiffio.h usability
configure:4808: g++ -c -g -O2  conftest.cpp >&5
configure:4808: $? = 0
configure:4808: result: yes
configure:4808: checking tiffio.h presence
configure:4808: g++ -E  conftest.cpp
configure:4808: $? = 0
configure:4808: result: yes
configure:4808: checking for tiffio.h
configure:4808: result: yes
configure:4883: checking for clGetPlatformIDs in -lOpenCL
configure:4908: g++ -o conftest -g -O2   -L/app/.vendor/leptonica-1.71/lib conftest.cpp -lOpenCL   >&5
/usr/bin/ld: cannot find -lOpenCL
collect2: error: ld returned 1 exit status
configure:4908: $? = 1
configure: failed program was:
| /* confdefs.h */
| #define PACKAGE_NAME "tesseract"
| #define PACKAGE_TARNAME "tesseract"
| #define PACKAGE_VERSION "3.04.01"
| #define PACKAGE_STRING "tesseract 3.04.01"
| #define PACKAGE_BUGREPORT "https://github.com/tesseract-ocr/tesseract/issues"
| #define PACKAGE_URL ""
| #define GIT_REV "3.04.01"
| #define PACKAGE_NAME "tesseract"
| #define PACKAGE_VERSION "3.04.01"
| #define PACKAGE_YEAR "2016"
| #define PACKAGE_DATE "02/16"
| #define PACKAGE "tesseract"
| #define VERSION "3.04.01"
| #define STDC_HEADERS 1
| #define HAVE_SYS_TYPES_H 1
| #define HAVE_SYS_STAT_H 1
| #define HAVE_STDLIB_H 1
| #define HAVE_STRING_H 1
| #define HAVE_MEMORY_H 1
| #define HAVE_STRINGS_H 1
| #define HAVE_INTTYPES_H 1
| #define HAVE_STDINT_H 1
| #define HAVE_UNISTD_H 1
| #define HAVE_TIFFIO_H 1
| /* end confdefs.h.  */
| 
| /* Override any GCC internal prototype to avoid an error.
|    Use char because int might match the return type of a GCC
|    builtin and then its argument prototype would still apply.  */
| #ifdef __cplusplus
| extern "C"
| #endif
| char clGetPlatformIDs ();
| int
| main ()
| {
| return clGetPlatformIDs ();
|   ;
|   return 0;
| }
configure:4917: result: no
configure:4956: checking --enable-visibility argument
configure:4965: result: no
configure:4977: checking --enable-multiple-libraries argument
configure:4986: result: no
configure:4998: checking whether to use tessdata-prefix
configure:5007: result: yes
configure:5019: checking whether to enable debugging
configure:5028: result: no
configure:5101: checking how to print strings
configure:5128: result: printf
configure:5197: checking for gcc
configure:5213: found /usr/bin/gcc
configure:5224: result: gcc
configure:5453: checking for C compiler version
configure:5462: gcc --version >&5
gcc (Ubuntu 4.8.4-2ubuntu1~14.04.3) 4.8.4
Copyright (C) 2013 Free Software Foundation, Inc.
This is free software; see the source for copying conditions.  There is NO
warranty; not even for MERCHANTABILITY or FITNESS FOR A PARTICULAR PURPOSE.

configure:5473: $? = 0
configure:5462: gcc -v >&5
Using built-in specs.
COLLECT_GCC=gcc
COLLECT_LTO_WRAPPER=/usr/lib/gcc/x86_64-linux-gnu/4.8/lto-wrapper
Target: x86_64-linux-gnu
Configured with: ../src/configure -v --with-pkgversion='Ubuntu 4.8.4-2ubuntu1~14.04.3' --with-bugurl=file:///usr/share/doc/gcc-4.8/README.Bugs --enable-languages=c,c++,java,go,d,fortran,objc,obj-c++ --prefix=/usr --program-suffix=-4.8 --enable-shared --enable-linker-build-id --libexecdir=/usr/lib --without-included-gettext --enable-threads=posix --with-gxx-include-dir=/usr/include/c++/4.8 --libdir=/usr/lib --enable-nls --with-sysroot=/ --enable-clocale=gnu --enable-libstdcxx-debug --enable-libstdcxx-time=yes --enable-gnu-unique-object --disable-libmudflap --enable-plugin --with-system-zlib --disable-browser-plugin --enable-java-awt=gtk --enable-gtk-cairo --with-java-home=/usr/lib/jvm/java-1.5.0-gcj-4.8-amd64/jre --enable-java-home --with-jvm-root-dir=/usr/lib/jvm/java-1.5.0-gcj-4.8-amd64 --with-jvm-jar-dir=/usr/lib/jvm-exports/java-1.5.0-gcj-4.8-amd64 --with-arch-directory=amd64 --with-ecj-jar=/usr/share/java/eclipse-ecj.jar --enable-objc-gc --enable-multiarch --disable-werror --with-arch-32=i686 --with-abi=m64 --with-multilib-list=m32,m64,mx32 --with-tune=generic --enable-checking=release --build=x86_64-linux-gnu --host=x86_64-linux-gnu --target=x86_64-linux-gnu
Thread model: posix
gcc version 4.8.4 (Ubuntu 4.8.4-2ubuntu1~14.04.3) 
configure:5473: $? = 0
configure:5462: gcc -V >&5
gcc: error: unrecognized command line option '-V'
gcc: fatal error: no input files
compilation terminated.
configure:5473: $? = 4
configure:5462: gcc -qversion >&5
gcc: error: unrecognized command line option '-qversion'
gcc: fatal error: no input files
compilation terminated.
configure:5473: $? = 4
configure:5477: checking whether we are using the GNU C compiler
configure:5496: gcc -c   conftest.c >&5
configure:5496: $? = 0
configure:5505: result: yes
configure:5514: checking whether gcc accepts -g
configure:5534: gcc -c -g  conftest.c >&5
configure:5534: $? = 0
configure:5575: result: yes
configure:5592: checking for gcc option to accept ISO C89
configure:5655: gcc  -c -g -O2  conftest.c >&5
configure:5655: $? = 0
configure:5668: result: none needed
configure:5693: checking whether gcc understands -c and -o together
configure:5715: gcc -c conftest.c -o conftest2.o
configure:5718: $? = 0
configure:5715: gcc -c conftest.c -o conftest2.o
configure:5718: $? = 0
configure:5730: result: yes
configure:5749: checking dependency style of gcc
configure:5860: result: gcc3
configure:5875: checking for a sed that does not truncate output
configure:5939: result: /bin/sed
configure:5957: checking for fgrep
configure:6019: result: /bin/grep -F
configure:6054: checking for ld used by gcc
configure:6121: result: /usr/bin/ld
configure:6128: checking if the linker (/usr/bin/ld) is GNU ld
configure:6143: result: yes
configure:6155: checking for BSD- or MS-compatible name lister (nm)
configure:6204: result: /usr/bin/nm -B
configure:6334: checking the name lister (/usr/bin/nm -B) interface
configure:6341: g++ -c -g -O2  conftest.cpp >&5
configure:6344: /usr/bin/nm -B "conftest.o"
configure:6347: output
0000000000000000 B some_variable
configure:6354: result: BSD nm
configure:6357: checking whether ln -s works
configure:6361: result: yes
configure:6369: checking the maximum length of command line arguments
configure:6500: result: 1572864
configure:6517: checking whether the shell understands some XSI constructs
configure:6527: result: yes
configure:6531: checking whether the shell understands "+="
configure:6537: result: yes
configure:6572: checking how to convert x86_64-unknown-linux-gnu file names to x86_64-unknown-linux-gnu format
configure:6612: result: func_convert_file_noop
configure:6619: checking how to convert x86_64-unknown-linux-gnu file names to toolchain format
configure:6639: result: func_convert_file_noop
configure:6646: checking for /usr/bin/ld option to reload object files
configure:6653: result: -r
configure:6727: checking for objdump
configure:6743: found /usr/bin/objdump
configure:6754: result: objdump
configure:6786: checking how to recognize dependent libraries
configure:6984: result: pass_all
configure:7069: checking for dlltool
configure:7099: result: no
configure:7129: checking how to associate runtime and link libraries
configure:7156: result: printf %s\n
configure:7216: checking for ar
configure:7232: found /usr/bin/ar
configure:7243: result: ar
configure:7280: checking for archiver @FILE support
configure:7297: g++ -c -g -O2  conftest.cpp >&5
configure:7297: $? = 0
configure:7300: ar cru libconftest.a @conftest.lst >&5
configure:7303: $? = 0
configure:7308: ar cru libconftest.a @conftest.lst >&5
ar: conftest.o: No such file or directory
configure:7311: $? = 1
configure:7323: result: @
configure:7381: checking for strip
configure:7397: found /usr/bin/strip
configure:7408: result: strip
configure:7480: checking for ranlib
configure:7496: found /usr/bin/ranlib
configure:7507: result: ranlib
configure:7609: checking command to parse /usr/bin/nm -B output from gcc object
configure:7729: g++ -c -g -O2  conftest.cpp >&5
configure:7732: $? = 0
configure:7736: /usr/bin/nm -B conftest.o \| sed -n -e 's/^.*[ ]\([ABCDGIRSTW][ABCDGIRSTW]*\)[ ][ ]*\([_A-Za-z][_A-Za-z0-9]*\)$/\1 \2 \2/p' | sed '/ __gnu_lto/d' \> conftest.nm
configure:7739: $? = 0
configure:7805: g++ -o conftest -g -O2   -L/app/.vendor/leptonica-1.71/lib conftest.cpp conftstm.o >&5
configure:7808: $? = 0
configure:7846: result: ok
configure:7883: checking for sysroot
configure:7913: result: no
configure:7991: g++ -c -g -O2  conftest.cpp >&5
configure:7994: $? = 0
configure:8183: checking for mt
configure:8199: found /bin/mt
configure:8210: result: mt
configure:8233: checking if mt is a manifest tool
configure:8239: mt '-?'
configure:8247: result: no
configure:8886: checking for dlfcn.h
configure:8886: g++ -c -g -O2  conftest.cpp >&5
configure:8886: $? = 0
configure:8886: result: yes
configure:9102: checking for objdir
configure:9117: result: .libs
configure:9384: checking if gcc supports -fno-rtti -fno-exceptions
configure:9402: gcc -c -g -O2  -fno-rtti -fno-exceptions conftest.c >&5
cc1: warning: command line option '-fno-rtti' is valid for C++/ObjC++ but not for C [enabled by default]
configure:9406: $? = 0
configure:9419: result: no
configure:9746: checking for gcc option to produce PIC
configure:9753: result: -fPIC -DPIC
configure:9761: checking if gcc PIC flag -fPIC -DPIC works
configure:9779: gcc -c -g -O2  -fPIC -DPIC -DPIC conftest.c >&5
configure:9783: $? = 0
configure:9796: result: yes
configure:9825: checking if gcc static flag -static works
configure:9853: result: yes
configure:9868: checking if gcc supports -c -o file.o
configure:9889: gcc -c -g -O2  -o out/conftest2.o conftest.c >&5
configure:9893: $? = 0
configure:9915: result: yes
configure:9923: checking if gcc supports -c -o file.o
configure:9970: result: yes
configure:10003: checking whether the gcc linker (/usr/bin/ld -m elf_x86_64) supports shared libraries
configure:11160: result: yes
configure:11197: checking whether -lc should be explicitly linked in
configure:11205: gcc -c -g -O2  conftest.c >&5
configure:11208: $? = 0
configure:11223: gcc -shared  -fPIC -DPIC conftest.o  -v -Wl,-soname -Wl,conftest -o conftest 2\>\&1 \| /bin/grep  -lc  \>/dev/null 2\>\&1
configure:11226: $? = 0
configure:11240: result: no
configure:11400: checking dynamic linker characteristics
configure:11900: gcc -o conftest -g -O2   -L/app/.vendor/leptonica-1.71/lib -Wl,-rpath -Wl,/foo conftest.c  >&5
configure:11900: $? = 0
configure:12134: result: GNU/Linux ld.so
configure:12241: checking how to hardcode library paths into programs
configure:12266: result: immediate
configure:12806: checking whether stripping libraries is possible
configure:12811: result: yes
configure:12846: checking if libtool supports shared libraries
configure:12848: result: yes
configure:12851: checking whether to build shared libraries
configure:12872: result: yes
configure:12875: checking whether to build static libraries
configure:12879: result: yes
configure:12902: checking how to run the C++ preprocessor
configure:12968: result: g++ -E
configure:12988: g++ -E  conftest.cpp
configure:12988: $? = 0
configure:13002: g++ -E  conftest.cpp
conftest.cpp:29:28: fatal error: ac_nonexistent.h: No such file or directory
 #include <ac_nonexistent.h>
                            ^
compilation terminated.
configure:13002: $? = 1
configure: failed program was:
| /* confdefs.h */
| #define PACKAGE_NAME "tesseract"
| #define PACKAGE_TARNAME "tesseract"
| #define PACKAGE_VERSION "3.04.01"
| #define PACKAGE_STRING "tesseract 3.04.01"
| #define PACKAGE_BUGREPORT "https://github.com/tesseract-ocr/tesseract/issues"
| #define PACKAGE_URL ""
| #define GIT_REV "3.04.01"
| #define PACKAGE_NAME "tesseract"
| #define PACKAGE_VERSION "3.04.01"
| #define PACKAGE_YEAR "2016"
| #define PACKAGE_DATE "02/16"
| #define PACKAGE "tesseract"
| #define VERSION "3.04.01"
| #define STDC_HEADERS 1
| #define HAVE_SYS_TYPES_H 1
| #define HAVE_SYS_STAT_H 1
| #define HAVE_STDLIB_H 1
| #define HAVE_STRING_H 1
| #define HAVE_MEMORY_H 1
| #define HAVE_STRINGS_H 1
| #define HAVE_INTTYPES_H 1
| #define HAVE_STDINT_H 1
| #define HAVE_UNISTD_H 1
| #define HAVE_TIFFIO_H 1
| #define HAVE_DLFCN_H 1
| #define LT_OBJDIR ".libs/"
| /* end confdefs.h.  */
| #include <ac_nonexistent.h>
configure:13171: checking for ld used by g++
configure:13238: result: /usr/bin/ld -m elf_x86_64
configure:13245: checking if the linker (/usr/bin/ld -m elf_x86_64) is GNU ld
configure:13260: result: yes
configure:13315: checking whether the g++ linker (/usr/bin/ld -m elf_x86_64) supports shared libraries
configure:14317: result: yes
configure:14353: g++ -c -g -O2  conftest.cpp >&5
configure:14356: $? = 0
configure:14876: checking for g++ option to produce PIC
configure:14883: result: -fPIC -DPIC
configure:14891: checking if g++ PIC flag -fPIC -DPIC works
configure:14909: g++ -c -g -O2  -fPIC -DPIC -DPIC conftest.cpp >&5
configure:14913: $? = 0
configure:14926: result: yes
configure:14949: checking if g++ static flag -static works
configure:14977: result: yes
configure:14989: checking if g++ supports -c -o file.o
configure:15010: g++ -c -g -O2  -o out/conftest2.o conftest.cpp >&5
configure:15014: $? = 0
configure:15036: result: yes
configure:15041: checking if g++ supports -c -o file.o
configure:15088: result: yes
configure:15118: checking whether the g++ linker (/usr/bin/ld -m elf_x86_64) supports shared libraries
configure:15157: result: yes
configure:15298: checking dynamic linker characteristics
configure:15966: result: GNU/Linux ld.so
configure:16019: checking how to hardcode library paths into programs
configure:16044: result: immediate
configure:16113: checking whether byte ordering is bigendian
configure:16128: g++ -c -g -O2  conftest.cpp >&5
conftest.cpp:30:9: error: expected unqualified-id before 'not' token
         not a universal capable compiler
         ^
configure:16128: $? = 1
configure: failed program was:
| /* confdefs.h */
| #define PACKAGE_NAME "tesseract"
| #define PACKAGE_TARNAME "tesseract"
| #define PACKAGE_VERSION "3.04.01"
| #define PACKAGE_STRING "tesseract 3.04.01"
| #define PACKAGE_BUGREPORT "https://github.com/tesseract-ocr/tesseract/issues"
| #define PACKAGE_URL ""
| #define GIT_REV "3.04.01"
| #define PACKAGE_NAME "tesseract"
| #define PACKAGE_VERSION "3.04.01"
| #define PACKAGE_YEAR "2016"
| #define PACKAGE_DATE "02/16"
| #define PACKAGE "tesseract"
| #define VERSION "3.04.01"
| #define STDC_HEADERS 1
| #define HAVE_SYS_TYPES_H 1
| #define HAVE_SYS_STAT_H 1
| #define HAVE_STDLIB_H 1
| #define HAVE_STRING_H 1
| #define HAVE_MEMORY_H 1
| #define HAVE_STRINGS_H 1
| #define HAVE_INTTYPES_H 1
| #define HAVE_STDINT_H 1
| #define HAVE_UNISTD_H 1
| #define HAVE_TIFFIO_H 1
| #define HAVE_DLFCN_H 1
| #define LT_OBJDIR ".libs/"
| /* end confdefs.h.  */
| #ifndef __APPLE_CC__
| 	       not a universal capable compiler
| 	     #endif
| 	     typedef int dummy;
| 
configure:16173: g++ -c -g -O2  conftest.cpp >&5
configure:16173: $? = 0
configure:16191: g++ -c -g -O2  conftest.cpp >&5
conftest.cpp: In function 'int main()':
conftest.cpp:36:8: error: 'big' was not declared in this scope
    not big endian
        ^
conftest.cpp:36:12: error: expected ';' before 'endian'
    not big endian
            ^
configure:16191: $? = 1
configure: failed program was:
| /* confdefs.h */
| #define PACKAGE_NAME "tesseract"
| #define PACKAGE_TARNAME "tesseract"
| #define PACKAGE_VERSION "3.04.01"
| #define PACKAGE_STRING "tesseract 3.04.01"
| #define PACKAGE_BUGREPORT "https://github.com/tesseract-ocr/tesseract/issues"
| #define PACKAGE_URL ""
| #define GIT_REV "3.04.01"
| #define PACKAGE_NAME "tesseract"
| #define PACKAGE_VERSION "3.04.01"
| #define PACKAGE_YEAR "2016"
| #define PACKAGE_DATE "02/16"
| #define PACKAGE "tesseract"
| #define VERSION "3.04.01"
| #define STDC_HEADERS 1
| #define HAVE_SYS_TYPES_H 1
| #define HAVE_SYS_STAT_H 1
| #define HAVE_STDLIB_H 1
| #define HAVE_STRING_H 1
| #define HAVE_MEMORY_H 1
| #define HAVE_STRINGS_H 1
| #define HAVE_INTTYPES_H 1
| #define HAVE_STDINT_H 1
| #define HAVE_UNISTD_H 1
| #define HAVE_TIFFIO_H 1
| #define HAVE_DLFCN_H 1
| #define LT_OBJDIR ".libs/"
| /* end confdefs.h.  */
| #include <sys/types.h>
| 		#include <sys/param.h>
| 
| int
| main ()
| {
| #if BYTE_ORDER != BIG_ENDIAN
| 		 not big endian
| 		#endif
| 
|   ;
|   return 0;
| }
configure:16319: result: no
configure:16359: checking if compiling with clang
configure:16376: g++ -c -g -O2  conftest.cpp >&5
conftest.cpp: In function 'int main()':
conftest.cpp:35:12: error: 'clang' was not declared in this scope
        not clang
            ^
configure:16376: $? = 1
configure: failed program was:
| /* confdefs.h */
| #define PACKAGE_NAME "tesseract"
| #define PACKAGE_TARNAME "tesseract"
| #define PACKAGE_VERSION "3.04.01"
| #define PACKAGE_STRING "tesseract 3.04.01"
| #define PACKAGE_BUGREPORT "https://github.com/tesseract-ocr/tesseract/issues"
| #define PACKAGE_URL ""
| #define GIT_REV "3.04.01"
| #define PACKAGE_NAME "tesseract"
| #define PACKAGE_VERSION "3.04.01"
| #define PACKAGE_YEAR "2016"
| #define PACKAGE_DATE "02/16"
| #define PACKAGE "tesseract"
| #define VERSION "3.04.01"
| #define STDC_HEADERS 1
| #define HAVE_SYS_TYPES_H 1
| #define HAVE_SYS_STAT_H 1
| #define HAVE_STDLIB_H 1
| #define HAVE_STRING_H 1
| #define HAVE_MEMORY_H 1
| #define HAVE_STRINGS_H 1
| #define HAVE_INTTYPES_H 1
| #define HAVE_STDINT_H 1
| #define HAVE_UNISTD_H 1
| #define HAVE_TIFFIO_H 1
| #define HAVE_DLFCN_H 1
| #define LT_OBJDIR ".libs/"
| /* end confdefs.h.  */
| 
| int
| main ()
| {
| 
| #ifndef __clang__
|        not clang
| #endif
| 
|   ;
|   return 0;
| }
configure:16383: result: no
configure:16388: checking whether compiler supports C++11
configure:16402: g++ -c -g -O2 -std=c++11  conftest.cpp >&5
configure:16402: $? = 0
configure:16404: result: yes
configure:16418: checking for snprintf
configure:16418: g++ -o conftest -g -O2 -std=c++11   -L/app/.vendor/leptonica-1.71/lib conftest.cpp  >&5
configure:16418: $? = 0
configure:16418: result: yes
configure:16435: checking for library containing sem_init
configure:16466: g++ -o conftest -g -O2   -L/app/.vendor/leptonica-1.71/lib conftest.cpp  >&5
/tmp/ccIyaANI.o: In function `main':
/app/tmp/tesseract/conftest.cpp:41: undefined reference to `sem_init'
collect2: error: ld returned 1 exit status
configure:16466: $? = 1
configure: failed program was:
| /* confdefs.h */
| #define PACKAGE_NAME "tesseract"
| #define PACKAGE_TARNAME "tesseract"
| #define PACKAGE_VERSION "3.04.01"
| #define PACKAGE_STRING "tesseract 3.04.01"
| #define PACKAGE_BUGREPORT "https://github.com/tesseract-ocr/tesseract/issues"
| #define PACKAGE_URL ""
| #define GIT_REV "3.04.01"
| #define PACKAGE_NAME "tesseract"
| #define PACKAGE_VERSION "3.04.01"
| #define PACKAGE_YEAR "2016"
| #define PACKAGE_DATE "02/16"
| #define PACKAGE "tesseract"
| #define VERSION "3.04.01"
| #define STDC_HEADERS 1
| #define HAVE_SYS_TYPES_H 1
| #define HAVE_SYS_STAT_H 1
| #define HAVE_STDLIB_H 1
| #define HAVE_STRING_H 1
| #define HAVE_MEMORY_H 1
| #define HAVE_STRINGS_H 1
| #define HAVE_INTTYPES_H 1
| #define HAVE_STDINT_H 1
| #define HAVE_UNISTD_H 1
| #define HAVE_TIFFIO_H 1
| #define HAVE_DLFCN_H 1
| #define LT_OBJDIR ".libs/"
| #define HAVE_SNPRINTF 1
| /* end confdefs.h.  */
| 
| /* Override any GCC internal prototype to avoid an error.
|    Use char because int might match the return type of a GCC
|    builtin and then its argument prototype would still apply.  */
| #ifdef __cplusplus
| extern "C"
| #endif
| char sem_init ();
| int
| main ()
| {
| return sem_init ();
|   ;
|   return 0;
| }
configure:16466: g++ -o conftest -g -O2   -L/app/.vendor/leptonica-1.71/lib conftest.cpp -lpthread   >&5
configure:16466: $? = 0
configure:16483: result: -lpthread
configure:16497: checking for ANSI C header files
configure:16601: result: yes
configure:16609: checking whether time.h and sys/time.h may both be included
configure:16629: g++ -c -g -O2  conftest.cpp >&5
configure:16629: $? = 0
configure:16636: result: yes
configure:16644: checking for sys/wait.h that is POSIX.1 compatible
configure:16670: g++ -c -g -O2  conftest.cpp >&5
configure:16670: $? = 0
configure:16677: result: yes
configure:16688: checking sys/ipc.h usability
configure:16688: g++ -c -g -O2  conftest.cpp >&5
configure:16688: $? = 0
configure:16688: result: yes
configure:16688: checking sys/ipc.h presence
configure:16688: g++ -E  conftest.cpp
configure:16688: $? = 0
configure:16688: result: yes
configure:16688: checking for sys/ipc.h
configure:16688: result: yes
configure:16688: checking sys/shm.h usability
configure:16688: g++ -c -g -O2  conftest.cpp >&5
configure:16688: $? = 0
configure:16688: result: yes
configure:16688: checking sys/shm.h presence
configure:16688: g++ -E  conftest.cpp
configure:16688: $? = 0
configure:16688: result: yes
configure:16688: checking for sys/shm.h
configure:16688: result: yes
configure:16701: checking limits.h usability
configure:16701: g++ -c -g -O2  conftest.cpp >&5
configure:16701: $? = 0
configure:16701: result: yes
configure:16701: checking limits.h presence
configure:16701: g++ -E  conftest.cpp
configure:16701: $? = 0
configure:16701: result: yes
configure:16701: checking for limits.h
configure:16701: result: yes
configure:16701: checking malloc.h usability
configure:16701: g++ -c -g -O2  conftest.cpp >&5
configure:16701: $? = 0
configure:16701: result: yes
configure:16701: checking malloc.h presence
configure:16701: g++ -E  conftest.cpp
configure:16701: $? = 0
configure:16701: result: yes
configure:16701: checking for malloc.h
configure:16701: result: yes
configure:16712: checking for stdbool.h that conforms to C99
configure:16779: g++ -c -g -O2  conftest.cpp >&5
configure:16779: $? = 0
configure:16786: result: yes
configure:16788: checking for _Bool
configure:16788: g++ -c -g -O2  conftest.cpp >&5
conftest.cpp: In function 'int main()':
conftest.cpp:73:13: error: '_Bool' was not declared in this scope
 if (sizeof (_Bool))
             ^
configure:16788: $? = 1
configure: failed program was:
| /* confdefs.h */
| #define PACKAGE_NAME "tesseract"
| #define PACKAGE_TARNAME "tesseract"
| #define PACKAGE_VERSION "3.04.01"
| #define PACKAGE_STRING "tesseract 3.04.01"
| #define PACKAGE_BUGREPORT "https://github.com/tesseract-ocr/tesseract/issues"
| #define PACKAGE_URL ""
| #define GIT_REV "3.04.01"
| #define PACKAGE_NAME "tesseract"
| #define PACKAGE_VERSION "3.04.01"
| #define PACKAGE_YEAR "2016"
| #define PACKAGE_DATE "02/16"
| #define PACKAGE "tesseract"
| #define VERSION "3.04.01"
| #define STDC_HEADERS 1
| #define HAVE_SYS_TYPES_H 1
| #define HAVE_SYS_STAT_H 1
| #define HAVE_STDLIB_H 1
| #define HAVE_STRING_H 1
| #define HAVE_MEMORY_H 1
| #define HAVE_STRINGS_H 1
| #define HAVE_INTTYPES_H 1
| #define HAVE_STDINT_H 1
| #define HAVE_UNISTD_H 1
| #define HAVE_TIFFIO_H 1
| #define HAVE_DLFCN_H 1
| #define LT_OBJDIR ".libs/"
| #define HAVE_SNPRINTF 1
| #define STDC_HEADERS 1
| #define TIME_WITH_SYS_TIME 1
| #define HAVE_SYS_WAIT_H 1
| #define HAVE_SYS_IPC_H 1
| #define HAVE_SYS_SHM_H 1
| #define HAVE_LIMITS_H 1
| #define HAVE_MALLOC_H 1
| /* end confdefs.h.  */
| #include <stdio.h>
| #ifdef HAVE_SYS_TYPES_H
| # include <sys/types.h>
| #endif
| #ifdef HAVE_SYS_STAT_H
| # include <sys/stat.h>
| #endif
| #ifdef STDC_HEADERS
| # include <stdlib.h>
| # include <stddef.h>
| #else
| # ifdef HAVE_STDLIB_H
| #  include <stdlib.h>
| # endif
| #endif
| #ifdef HAVE_STRING_H
| # if !defined STDC_HEADERS && defined HAVE_MEMORY_H
| #  include <memory.h>
| # endif
| # include <string.h>
| #endif
| #ifdef HAVE_STRINGS_H
| # include <strings.h>
| #endif
| #ifdef HAVE_INTTYPES_H
| # include <inttypes.h>
| #endif
| #ifdef HAVE_STDINT_H
| # include <stdint.h>
| #endif
| #ifdef HAVE_UNISTD_H
| # include <unistd.h>
| #endif
| int
| main ()
| {
| if (sizeof (_Bool))
| 	 return 0;
|   ;
|   return 0;
| }
configure:16788: result: no
configure:16807: checking whether #! works in shell scripts
configure:16824: result: yes
configure:16835: checking for special C compiler options needed for large files
configure:16880: result: no
configure:16886: checking for _FILE_OFFSET_BITS value needed for large files
configure:16911: g++ -c -g -O2  conftest.cpp >&5
configure:16911: $? = 0
configure:16943: result: no
configure:17031: checking for getline
configure:17031: g++ -o conftest -g -O2   -L/app/.vendor/leptonica-1.71/lib conftest.cpp -lpthread  >&5
configure:17031: $? = 0
configure:17031: result: yes
configure:17045: checking for wchar_t
configure:17045: g++ -c -g -O2  conftest.cpp >&5
configure:17045: $? = 0
configure:17045: g++ -c -g -O2  conftest.cpp >&5
conftest.cpp: In function 'int main()':
conftest.cpp:44:14: error: expected primary-expression before 'wchar_t'
 if (sizeof ((wchar_t)))
              ^
conftest.cpp:44:14: error: expected ')' before 'wchar_t'
conftest.cpp:45:14: error: expected ')' before ';' token
      return 0;
              ^
conftest.cpp:45:14: error: expected ')' before ';' token
configure:17045: $? = 1
configure: failed program was:
| /* confdefs.h */
| #define PACKAGE_NAME "tesseract"
| #define PACKAGE_TARNAME "tesseract"
| #define PACKAGE_VERSION "3.04.01"
| #define PACKAGE_STRING "tesseract 3.04.01"
| #define PACKAGE_BUGREPORT "https://github.com/tesseract-ocr/tesseract/issues"
| #define PACKAGE_URL ""
| #define GIT_REV "3.04.01"
| #define PACKAGE_NAME "tesseract"
| #define PACKAGE_VERSION "3.04.01"
| #define PACKAGE_YEAR "2016"
| #define PACKAGE_DATE "02/16"
| #define PACKAGE "tesseract"
| #define VERSION "3.04.01"
| #define STDC_HEADERS 1
| #define HAVE_SYS_TYPES_H 1
| #define HAVE_SYS_STAT_H 1
| #define HAVE_STDLIB_H 1
| #define HAVE_STRING_H 1
| #define HAVE_MEMORY_H 1
| #define HAVE_STRINGS_H 1
| #define HAVE_INTTYPES_H 1
| #define HAVE_STDINT_H 1
| #define HAVE_UNISTD_H 1
| #define HAVE_TIFFIO_H 1
| #define HAVE_DLFCN_H 1
| #define LT_OBJDIR ".libs/"
| #define HAVE_SNPRINTF 1
| #define STDC_HEADERS 1
| #define TIME_WITH_SYS_TIME 1
| #define HAVE_SYS_WAIT_H 1
| #define HAVE_SYS_IPC_H 1
| #define HAVE_SYS_SHM_H 1
| #define HAVE_LIMITS_H 1
| #define HAVE_MALLOC_H 1
| #define HAVE_STDBOOL_H 1
| #define HAVE_GETLINE 1
| /* end confdefs.h.  */
| #include "wchar.h"
| 
| int
| main ()
| {
| if (sizeof ((wchar_t)))
| 	    return 0;
|   ;
|   return 0;
| }
configure:17045: result: yes
configure:17056: checking for long long int
configure:17056: g++ -c -g -O2  conftest.cpp >&5
configure:17056: $? = 0
configure:17056: g++ -c -g -O2  conftest.cpp >&5
conftest.cpp: In function 'int main()':
conftest.cpp:76:14: error: expected primary-expression before 'long'
 if (sizeof ((long long int)))
              ^
conftest.cpp:76:14: error: expected ')' before 'long'
conftest.cpp:77:14: error: expected ')' before ';' token
      return 0;
              ^
conftest.cpp:77:14: error: expected ')' before ';' token
configure:17056: $? = 1
configure: failed program was:
| /* confdefs.h */
| #define PACKAGE_NAME "tesseract"
| #define PACKAGE_TARNAME "tesseract"
| #define PACKAGE_VERSION "3.04.01"
| #define PACKAGE_STRING "tesseract 3.04.01"
| #define PACKAGE_BUGREPORT "https://github.com/tesseract-ocr/tesseract/issues"
| #define PACKAGE_URL ""
| #define GIT_REV "3.04.01"
| #define PACKAGE_NAME "tesseract"
| #define PACKAGE_VERSION "3.04.01"
| #define PACKAGE_YEAR "2016"
| #define PACKAGE_DATE "02/16"
| #define PACKAGE "tesseract"
| #define VERSION "3.04.01"
| #define STDC_HEADERS 1
| #define HAVE_SYS_TYPES_H 1
| #define HAVE_SYS_STAT_H 1
| #define HAVE_STDLIB_H 1
| #define HAVE_STRING_H 1
| #define HAVE_MEMORY_H 1
| #define HAVE_STRINGS_H 1
| #define HAVE_INTTYPES_H 1
| #define HAVE_STDINT_H 1
| #define HAVE_UNISTD_H 1
| #define HAVE_TIFFIO_H 1
| #define HAVE_DLFCN_H 1
| #define LT_OBJDIR ".libs/"
| #define HAVE_SNPRINTF 1
| #define STDC_HEADERS 1
| #define TIME_WITH_SYS_TIME 1
| #define HAVE_SYS_WAIT_H 1
| #define HAVE_SYS_IPC_H 1
| #define HAVE_SYS_SHM_H 1
| #define HAVE_LIMITS_H 1
| #define HAVE_MALLOC_H 1
| #define HAVE_STDBOOL_H 1
| #define HAVE_GETLINE 1
| #define HAVE_WCHAR_T 1
| /* end confdefs.h.  */
| #include <stdio.h>
| #ifdef HAVE_SYS_TYPES_H
| # include <sys/types.h>
| #endif
| #ifdef HAVE_SYS_STAT_H
| # include <sys/stat.h>
| #endif
| #ifdef STDC_HEADERS
| # include <stdlib.h>
| # include <stddef.h>
| #else
| # ifdef HAVE_STDLIB_H
| #  include <stdlib.h>
| # endif
| #endif
| #ifdef HAVE_STRING_H
| # if !defined STDC_HEADERS && defined HAVE_MEMORY_H
| #  include <memory.h>
| # endif
| # include <string.h>
| #endif
| #ifdef HAVE_STRINGS_H
| # include <strings.h>
| #endif
| #ifdef HAVE_INTTYPES_H
| # include <inttypes.h>
| #endif
| #ifdef HAVE_STDINT_H
| # include <stdint.h>
| #endif
| #ifdef HAVE_UNISTD_H
| # include <unistd.h>
| #endif
| int
| main ()
| {
| if (sizeof ((long long int)))
| 	    return 0;
|   ;
|   return 0;
| }
configure:17056: result: yes
configure:17066: checking for off_t
configure:17066: g++ -c -g -O2  conftest.cpp >&5
configure:17066: $? = 0
configure:17066: g++ -c -g -O2  conftest.cpp >&5
conftest.cpp: In function 'int main()':
conftest.cpp:46:19: error: expected primary-expression before ')' token
 if (sizeof ((off_t)))
                   ^
configure:17066: $? = 1
configure: failed program was:
| /* confdefs.h */
| #define PACKAGE_NAME "tesseract"
| #define PACKAGE_TARNAME "tesseract"
| #define PACKAGE_VERSION "3.04.01"
| #define PACKAGE_STRING "tesseract 3.04.01"
| #define PACKAGE_BUGREPORT "https://github.com/tesseract-ocr/tesseract/issues"
| #define PACKAGE_URL ""
| #define GIT_REV "3.04.01"
| #define PACKAGE_NAME "tesseract"
| #define PACKAGE_VERSION "3.04.01"
| #define PACKAGE_YEAR "2016"
| #define PACKAGE_DATE "02/16"
| #define PACKAGE "tesseract"
| #define VERSION "3.04.01"
| #define STDC_HEADERS 1
| #define HAVE_SYS_TYPES_H 1
| #define HAVE_SYS_STAT_H 1
| #define HAVE_STDLIB_H 1
| #define HAVE_STRING_H 1
| #define HAVE_MEMORY_H 1
| #define HAVE_STRINGS_H 1
| #define HAVE_INTTYPES_H 1
| #define HAVE_STDINT_H 1
| #define HAVE_UNISTD_H 1
| #define HAVE_TIFFIO_H 1
| #define HAVE_DLFCN_H 1
| #define LT_OBJDIR ".libs/"
| #define HAVE_SNPRINTF 1
| #define STDC_HEADERS 1
| #define TIME_WITH_SYS_TIME 1
| #define HAVE_SYS_WAIT_H 1
| #define HAVE_SYS_IPC_H 1
| #define HAVE_SYS_SHM_H 1
| #define HAVE_LIMITS_H 1
| #define HAVE_MALLOC_H 1
| #define HAVE_STDBOOL_H 1
| #define HAVE_GETLINE 1
| #define HAVE_WCHAR_T 1
| #define HAVE_LONG_LONG_INT 1
| /* end confdefs.h.  */
| #include "sys/types.h"
| 
| int
| main ()
| {
| if (sizeof ((off_t)))
| 	    return 0;
|   ;
|   return 0;
| }
configure:17066: result: yes
configure:17077: checking for mbstate_t
configure:17077: g++ -c -g -O2  conftest.cpp >&5
configure:17077: $? = 0
configure:17077: g++ -c -g -O2  conftest.cpp >&5
conftest.cpp: In function 'int main()':
conftest.cpp:47:23: error: expected primary-expression before ')' token
 if (sizeof ((mbstate_t)))
                       ^
configure:17077: $? = 1
configure: failed program was:
| /* confdefs.h */
| #define PACKAGE_NAME "tesseract"
| #define PACKAGE_TARNAME "tesseract"
| #define PACKAGE_VERSION "3.04.01"
| #define PACKAGE_STRING "tesseract 3.04.01"
| #define PACKAGE_BUGREPORT "https://github.com/tesseract-ocr/tesseract/issues"
| #define PACKAGE_URL ""
| #define GIT_REV "3.04.01"
| #define PACKAGE_NAME "tesseract"
| #define PACKAGE_VERSION "3.04.01"
| #define PACKAGE_YEAR "2016"
| #define PACKAGE_DATE "02/16"
| #define PACKAGE "tesseract"
| #define VERSION "3.04.01"
| #define STDC_HEADERS 1
| #define HAVE_SYS_TYPES_H 1
| #define HAVE_SYS_STAT_H 1
| #define HAVE_STDLIB_H 1
| #define HAVE_STRING_H 1
| #define HAVE_MEMORY_H 1
| #define HAVE_STRINGS_H 1
| #define HAVE_INTTYPES_H 1
| #define HAVE_STDINT_H 1
| #define HAVE_UNISTD_H 1
| #define HAVE_TIFFIO_H 1
| #define HAVE_DLFCN_H 1
| #define LT_OBJDIR ".libs/"
| #define HAVE_SNPRINTF 1
| #define STDC_HEADERS 1
| #define TIME_WITH_SYS_TIME 1
| #define HAVE_SYS_WAIT_H 1
| #define HAVE_SYS_IPC_H 1
| #define HAVE_SYS_SHM_H 1
| #define HAVE_LIMITS_H 1
| #define HAVE_MALLOC_H 1
| #define HAVE_STDBOOL_H 1
| #define HAVE_GETLINE 1
| #define HAVE_WCHAR_T 1
| #define HAVE_LONG_LONG_INT 1
| #define HAVE_OFF_T 1
| /* end confdefs.h.  */
| #include "wchar.h"
| 
| int
| main ()
| {
| if (sizeof ((mbstate_t)))
| 	    return 0;
|   ;
|   return 0;
| }
configure:17077: result: yes
configure:17094: checking for leptonica
configure:17113: result: yes
configure:17115: checking for pixCreate in -llept
configure:17140: g++ -o conftest -g -O2  -I/app/.vendor/leptonica-1.71/include/leptonica  -L/app/.vendor/leptonica-1.71/lib conftest.cpp -llept  -lpthread  >&5
configure:17140: $? = 0
configure:17149: result: yes
configure:17166: checking leptonica version >= 1.71
configure:17183: g++ -E  -I/app/.vendor/leptonica-1.71/include/leptonica conftest.cpp
configure:17183: $? = 0
configure:17184: result: yes
configure:17198: checking unicode/uchar.h usability
configure:17198: g++ -c -g -O2  -I/app/.vendor/leptonica-1.71/include/leptonica conftest.cpp >&5
conftest.cpp:77:27: fatal error: unicode/uchar.h: No such file or directory
 #include <unicode/uchar.h>
                           ^
compilation terminated.
configure:17198: $? = 1
configure: failed program was:
| /* confdefs.h */
| #define PACKAGE_NAME "tesseract"
| #define PACKAGE_TARNAME "tesseract"
| #define PACKAGE_VERSION "3.04.01"
| #define PACKAGE_STRING "tesseract 3.04.01"
| #define PACKAGE_BUGREPORT "https://github.com/tesseract-ocr/tesseract/issues"
| #define PACKAGE_URL ""
| #define GIT_REV "3.04.01"
| #define PACKAGE_NAME "tesseract"
| #define PACKAGE_VERSION "3.04.01"
| #define PACKAGE_YEAR "2016"
| #define PACKAGE_DATE "02/16"
| #define PACKAGE "tesseract"
| #define VERSION "3.04.01"
| #define STDC_HEADERS 1
| #define HAVE_SYS_TYPES_H 1
| #define HAVE_SYS_STAT_H 1
| #define HAVE_STDLIB_H 1
| #define HAVE_STRING_H 1
| #define HAVE_MEMORY_H 1
| #define HAVE_STRINGS_H 1
| #define HAVE_INTTYPES_H 1
| #define HAVE_STDINT_H 1
| #define HAVE_UNISTD_H 1
| #define HAVE_TIFFIO_H 1
| #define HAVE_DLFCN_H 1
| #define LT_OBJDIR ".libs/"
| #define HAVE_SNPRINTF 1
| #define STDC_HEADERS 1
| #define TIME_WITH_SYS_TIME 1
| #define HAVE_SYS_WAIT_H 1
| #define HAVE_SYS_IPC_H 1
| #define HAVE_SYS_SHM_H 1
| #define HAVE_LIMITS_H 1
| #define HAVE_MALLOC_H 1
| #define HAVE_STDBOOL_H 1
| #define HAVE_GETLINE 1
| #define HAVE_WCHAR_T 1
| #define HAVE_LONG_LONG_INT 1
| #define HAVE_OFF_T 1
| #define HAVE_MBSTATE_T 1
| #define HAVE_LIBLEPT 1
| /* end confdefs.h.  */
| #include <stdio.h>
| #ifdef HAVE_SYS_TYPES_H
| # include <sys/types.h>
| #endif
| #ifdef HAVE_SYS_STAT_H
| # include <sys/stat.h>
| #endif
| #ifdef STDC_HEADERS
| # include <stdlib.h>
| # include <stddef.h>
| #else
| # ifdef HAVE_STDLIB_H
| #  include <stdlib.h>
| # endif
| #endif
| #ifdef HAVE_STRING_H
| # if !defined STDC_HEADERS && defined HAVE_MEMORY_H
| #  include <memory.h>
| # endif
| # include <string.h>
| #endif
| #ifdef HAVE_STRINGS_H
| # include <strings.h>
| #endif
| #ifdef HAVE_INTTYPES_H
| # include <inttypes.h>
| #endif
| #ifdef HAVE_STDINT_H
| # include <stdint.h>
| #endif
| #ifdef HAVE_UNISTD_H
| # include <unistd.h>
| #endif
| #include <unicode/uchar.h>
configure:17198: result: no
configure:17198: checking unicode/uchar.h presence
configure:17198: g++ -E  -I/app/.vendor/leptonica-1.71/include/leptonica conftest.cpp
conftest.cpp:44:27: fatal error: unicode/uchar.h: No such file or directory
 #include <unicode/uchar.h>
                           ^
compilation terminated.
configure:17198: $? = 1
configure: failed program was:
| /* confdefs.h */
| #define PACKAGE_NAME "tesseract"
| #define PACKAGE_TARNAME "tesseract"
| #define PACKAGE_VERSION "3.04.01"
| #define PACKAGE_STRING "tesseract 3.04.01"
| #define PACKAGE_BUGREPORT "https://github.com/tesseract-ocr/tesseract/issues"
| #define PACKAGE_URL ""
| #define GIT_REV "3.04.01"
| #define PACKAGE_NAME "tesseract"
| #define PACKAGE_VERSION "3.04.01"
| #define PACKAGE_YEAR "2016"
| #define PACKAGE_DATE "02/16"
| #define PACKAGE "tesseract"
| #define VERSION "3.04.01"
| #define STDC_HEADERS 1
| #define HAVE_SYS_TYPES_H 1
| #define HAVE_SYS_STAT_H 1
| #define HAVE_STDLIB_H 1
| #define HAVE_STRING_H 1
| #define HAVE_MEMORY_H 1
| #define HAVE_STRINGS_H 1
| #define HAVE_INTTYPES_H 1
| #define HAVE_STDINT_H 1
| #define HAVE_UNISTD_H 1
| #define HAVE_TIFFIO_H 1
| #define HAVE_DLFCN_H 1
| #define LT_OBJDIR ".libs/"
| #define HAVE_SNPRINTF 1
| #define STDC_HEADERS 1
| #define TIME_WITH_SYS_TIME 1
| #define HAVE_SYS_WAIT_H 1
| #define HAVE_SYS_IPC_H 1
| #define HAVE_SYS_SHM_H 1
| #define HAVE_LIMITS_H 1
| #define HAVE_MALLOC_H 1
| #define HAVE_STDBOOL_H 1
| #define HAVE_GETLINE 1
| #define HAVE_WCHAR_T 1
| #define HAVE_LONG_LONG_INT 1
| #define HAVE_OFF_T 1
| #define HAVE_MBSTATE_T 1
| #define HAVE_LIBLEPT 1
| /* end confdefs.h.  */
| #include <unicode/uchar.h>
configure:17198: result: no
configure:17198: checking for unicode/uchar.h
configure:17198: result: no
configure:17211: WARNING: Training tools WILL NOT be built because of missing icu library.
configure:17213: WARNING: Try to install libicu-devel package.
configure:17229: checking pango-1.0/pango/pango-features.h usability
configure:17229: g++ -c -g -O2  -I/app/.vendor/leptonica-1.71/include/leptonica conftest.cpp >&5
conftest.cpp:77:44: fatal error: pango-1.0/pango/pango-features.h: No such file or directory
 #include <pango-1.0/pango/pango-features.h>
                                            ^
compilation terminated.
configure:17229: $? = 1
configure: failed program was:
| /* confdefs.h */
| #define PACKAGE_NAME "tesseract"
| #define PACKAGE_TARNAME "tesseract"
| #define PACKAGE_VERSION "3.04.01"
| #define PACKAGE_STRING "tesseract 3.04.01"
| #define PACKAGE_BUGREPORT "https://github.com/tesseract-ocr/tesseract/issues"
| #define PACKAGE_URL ""
| #define GIT_REV "3.04.01"
| #define PACKAGE_NAME "tesseract"
| #define PACKAGE_VERSION "3.04.01"
| #define PACKAGE_YEAR "2016"
| #define PACKAGE_DATE "02/16"
| #define PACKAGE "tesseract"
| #define VERSION "3.04.01"
| #define STDC_HEADERS 1
| #define HAVE_SYS_TYPES_H 1
| #define HAVE_SYS_STAT_H 1
| #define HAVE_STDLIB_H 1
| #define HAVE_STRING_H 1
| #define HAVE_MEMORY_H 1
| #define HAVE_STRINGS_H 1
| #define HAVE_INTTYPES_H 1
| #define HAVE_STDINT_H 1
| #define HAVE_UNISTD_H 1
| #define HAVE_TIFFIO_H 1
| #define HAVE_DLFCN_H 1
| #define LT_OBJDIR ".libs/"
| #define HAVE_SNPRINTF 1
| #define STDC_HEADERS 1
| #define TIME_WITH_SYS_TIME 1
| #define HAVE_SYS_WAIT_H 1
| #define HAVE_SYS_IPC_H 1
| #define HAVE_SYS_SHM_H 1
| #define HAVE_LIMITS_H 1
| #define HAVE_MALLOC_H 1
| #define HAVE_STDBOOL_H 1
| #define HAVE_GETLINE 1
| #define HAVE_WCHAR_T 1
| #define HAVE_LONG_LONG_INT 1
| #define HAVE_OFF_T 1
| #define HAVE_MBSTATE_T 1
| #define HAVE_LIBLEPT 1
| /* end confdefs.h.  */
| #include <stdio.h>
| #ifdef HAVE_SYS_TYPES_H
| # include <sys/types.h>
| #endif
| #ifdef HAVE_SYS_STAT_H
| # include <sys/stat.h>
| #endif
| #ifdef STDC_HEADERS
| # include <stdlib.h>
| # include <stddef.h>
| #else
| # ifdef HAVE_STDLIB_H
| #  include <stdlib.h>
| # endif
| #endif
| #ifdef HAVE_STRING_H
| # if !defined STDC_HEADERS && defined HAVE_MEMORY_H
| #  include <memory.h>
| # endif
| # include <string.h>
| #endif
| #ifdef HAVE_STRINGS_H
| # include <strings.h>
| #endif
| #ifdef HAVE_INTTYPES_H
| # include <inttypes.h>
| #endif
| #ifdef HAVE_STDINT_H
| # include <stdint.h>
| #endif
| #ifdef HAVE_UNISTD_H
| # include <unistd.h>
| #endif
| #include <pango-1.0/pango/pango-features.h>
configure:17229: result: no
configure:17229: checking pango-1.0/pango/pango-features.h presence
configure:17229: g++ -E  -I/app/.vendor/leptonica-1.71/include/leptonica conftest.cpp
conftest.cpp:44:44: fatal error: pango-1.0/pango/pango-features.h: No such file or directory
 #include <pango-1.0/pango/pango-features.h>
                                            ^
compilation terminated.
configure:17229: $? = 1
configure: failed program was:
| /* confdefs.h */
| #define PACKAGE_NAME "tesseract"
| #define PACKAGE_TARNAME "tesseract"
| #define PACKAGE_VERSION "3.04.01"
| #define PACKAGE_STRING "tesseract 3.04.01"
| #define PACKAGE_BUGREPORT "https://github.com/tesseract-ocr/tesseract/issues"
| #define PACKAGE_URL ""
| #define GIT_REV "3.04.01"
| #define PACKAGE_NAME "tesseract"
| #define PACKAGE_VERSION "3.04.01"
| #define PACKAGE_YEAR "2016"
| #define PACKAGE_DATE "02/16"
| #define PACKAGE "tesseract"
| #define VERSION "3.04.01"
| #define STDC_HEADERS 1
| #define HAVE_SYS_TYPES_H 1
| #define HAVE_SYS_STAT_H 1
| #define HAVE_STDLIB_H 1
| #define HAVE_STRING_H 1
| #define HAVE_MEMORY_H 1
| #define HAVE_STRINGS_H 1
| #define HAVE_INTTYPES_H 1
| #define HAVE_STDINT_H 1
| #define HAVE_UNISTD_H 1
| #define HAVE_TIFFIO_H 1
| #define HAVE_DLFCN_H 1
| #define LT_OBJDIR ".libs/"
| #define HAVE_SNPRINTF 1
| #define STDC_HEADERS 1
| #define TIME_WITH_SYS_TIME 1
| #define HAVE_SYS_WAIT_H 1
| #define HAVE_SYS_IPC_H 1
| #define HAVE_SYS_SHM_H 1
| #define HAVE_LIMITS_H 1
| #define HAVE_MALLOC_H 1
| #define HAVE_STDBOOL_H 1
| #define HAVE_GETLINE 1
| #define HAVE_WCHAR_T 1
| #define HAVE_LONG_LONG_INT 1
| #define HAVE_OFF_T 1
| #define HAVE_MBSTATE_T 1
| #define HAVE_LIBLEPT 1
| /* end confdefs.h.  */
| #include <pango-1.0/pango/pango-features.h>
configure:17229: result: no
configure:17229: checking for pango-1.0/pango/pango-features.h
configure:17229: result: no
configure:17242: WARNING: Training tools WILL NOT be built because of missing pango library.
configure:17244: WARNING: Try to install libpango1.0-dev package.
configure:17262: checking cairo/cairo-version.h usability
configure:17262: g++ -c -g -O2  -I/app/.vendor/leptonica-1.71/include/leptonica conftest.cpp >&5
conftest.cpp:77:33: fatal error: cairo/cairo-version.h: No such file or directory
 #include <cairo/cairo-version.h>
                                 ^
compilation terminated.
configure:17262: $? = 1
configure: failed program was:
| /* confdefs.h */
| #define PACKAGE_NAME "tesseract"
| #define PACKAGE_TARNAME "tesseract"
| #define PACKAGE_VERSION "3.04.01"
| #define PACKAGE_STRING "tesseract 3.04.01"
| #define PACKAGE_BUGREPORT "https://github.com/tesseract-ocr/tesseract/issues"
| #define PACKAGE_URL ""
| #define GIT_REV "3.04.01"
| #define PACKAGE_NAME "tesseract"
| #define PACKAGE_VERSION "3.04.01"
| #define PACKAGE_YEAR "2016"
| #define PACKAGE_DATE "02/16"
| #define PACKAGE "tesseract"
| #define VERSION "3.04.01"
| #define STDC_HEADERS 1
| #define HAVE_SYS_TYPES_H 1
| #define HAVE_SYS_STAT_H 1
| #define HAVE_STDLIB_H 1
| #define HAVE_STRING_H 1
| #define HAVE_MEMORY_H 1
| #define HAVE_STRINGS_H 1
| #define HAVE_INTTYPES_H 1
| #define HAVE_STDINT_H 1
| #define HAVE_UNISTD_H 1
| #define HAVE_TIFFIO_H 1
| #define HAVE_DLFCN_H 1
| #define LT_OBJDIR ".libs/"
| #define HAVE_SNPRINTF 1
| #define STDC_HEADERS 1
| #define TIME_WITH_SYS_TIME 1
| #define HAVE_SYS_WAIT_H 1
| #define HAVE_SYS_IPC_H 1
| #define HAVE_SYS_SHM_H 1
| #define HAVE_LIMITS_H 1
| #define HAVE_MALLOC_H 1
| #define HAVE_STDBOOL_H 1
| #define HAVE_GETLINE 1
| #define HAVE_WCHAR_T 1
| #define HAVE_LONG_LONG_INT 1
| #define HAVE_OFF_T 1
| #define HAVE_MBSTATE_T 1
| #define HAVE_LIBLEPT 1
| /* end confdefs.h.  */
| #include <stdio.h>
| #ifdef HAVE_SYS_TYPES_H
| # include <sys/types.h>
| #endif
| #ifdef HAVE_SYS_STAT_H
| # include <sys/stat.h>
| #endif
| #ifdef STDC_HEADERS
| # include <stdlib.h>
| # include <stddef.h>
| #else
| # ifdef HAVE_STDLIB_H
| #  include <stdlib.h>
| # endif
| #endif
| #ifdef HAVE_STRING_H
| # if !defined STDC_HEADERS && defined HAVE_MEMORY_H
| #  include <memory.h>
| # endif
| # include <string.h>
| #endif
| #ifdef HAVE_STRINGS_H
| # include <strings.h>
| #endif
| #ifdef HAVE_INTTYPES_H
| # include <inttypes.h>
| #endif
| #ifdef HAVE_STDINT_H
| # include <stdint.h>
| #endif
| #ifdef HAVE_UNISTD_H
| # include <unistd.h>
| #endif
| #include <cairo/cairo-version.h>
configure:17262: result: no
configure:17262: checking cairo/cairo-version.h presence
configure:17262: g++ -E  -I/app/.vendor/leptonica-1.71/include/leptonica conftest.cpp
conftest.cpp:44:33: fatal error: cairo/cairo-version.h: No such file or directory
 #include <cairo/cairo-version.h>
                                 ^
compilation terminated.
configure:17262: $? = 1
configure: failed program was:
| /* confdefs.h */
| #define PACKAGE_NAME "tesseract"
| #define PACKAGE_TARNAME "tesseract"
| #define PACKAGE_VERSION "3.04.01"
| #define PACKAGE_STRING "tesseract 3.04.01"
| #define PACKAGE_BUGREPORT "https://github.com/tesseract-ocr/tesseract/issues"
| #define PACKAGE_URL ""
| #define GIT_REV "3.04.01"
| #define PACKAGE_NAME "tesseract"
| #define PACKAGE_VERSION "3.04.01"
| #define PACKAGE_YEAR "2016"
| #define PACKAGE_DATE "02/16"
| #define PACKAGE "tesseract"
| #define VERSION "3.04.01"
| #define STDC_HEADERS 1
| #define HAVE_SYS_TYPES_H 1
| #define HAVE_SYS_STAT_H 1
| #define HAVE_STDLIB_H 1
| #define HAVE_STRING_H 1
| #define HAVE_MEMORY_H 1
| #define HAVE_STRINGS_H 1
| #define HAVE_INTTYPES_H 1
| #define HAVE_STDINT_H 1
| #define HAVE_UNISTD_H 1
| #define HAVE_TIFFIO_H 1
| #define HAVE_DLFCN_H 1
| #define LT_OBJDIR ".libs/"
| #define HAVE_SNPRINTF 1
| #define STDC_HEADERS 1
| #define TIME_WITH_SYS_TIME 1
| #define HAVE_SYS_WAIT_H 1
| #define HAVE_SYS_IPC_H 1
| #define HAVE_SYS_SHM_H 1
| #define HAVE_LIMITS_H 1
| #define HAVE_MALLOC_H 1
| #define HAVE_STDBOOL_H 1
| #define HAVE_GETLINE 1
| #define HAVE_WCHAR_T 1
| #define HAVE_LONG_LONG_INT 1
| #define HAVE_OFF_T 1
| #define HAVE_MBSTATE_T 1
| #define HAVE_LIBLEPT 1
| /* end confdefs.h.  */
| #include <cairo/cairo-version.h>
configure:17262: result: no
configure:17262: checking for cairo/cairo-version.h
configure:17262: result: no
configure:17275: WARNING: Training tools WILL NOT be built because of missing cairo library.
configure:17277: WARNING: Try to install libcairo-dev?? package.
configure:17491: checking that generated files are newer than configure
configure:17497: result: done
configure:17629: creating ./config.status

## ---------------------- ##
## Running config.status. ##
## ---------------------- ##

This file was extended by tesseract config.status 3.04.01, which was
generated by GNU Autoconf 2.69.  Invocation command line was

  CONFIG_FILES    = 
  CONFIG_HEADERS  = 
  CONFIG_LINKS    = 
  CONFIG_COMMANDS = 
  $ ./config.status --quiet

on ubuntu

config.status:1233: creating Makefile
config.status:1233: creating tesseract.pc
config.status:1233: creating api/Makefile
config.status:1233: creating ccmain/Makefile
config.status:1233: creating opencl/Makefile
config.status:1233: creating ccstruct/Makefile
config.status:1233: creating ccutil/Makefile
config.status:1233: creating classify/Makefile
config.status:1233: creating cube/Makefile
config.status:1233: creating cutil/Makefile
config.status:1233: creating dict/Makefile
config.status:1233: creating neural_networks/runtime/Makefile
config.status:1233: creating textord/Makefile
config.status:1233: creating viewer/Makefile
config.status:1233: creating wordrec/Makefile
config.status:1233: creating tessdata/Makefile
config.status:1233: creating tessdata/configs/Makefile
config.status:1233: creating tessdata/tessconfigs/Makefile
config.status:1233: creating testing/Makefile
config.status:1233: creating java/Makefile
config.status:1233: creating java/com/Makefile
config.status:1233: creating java/com/google/Makefile
config.status:1233: creating java/com/google/scrollview/Makefile
config.status:1233: creating java/com/google/scrollview/events/Makefile
config.status:1233: creating java/com/google/scrollview/ui/Makefile
config.status:1233: creating doc/Makefile
config.status:1233: creating config_auto.h
config.status:1462: executing depfiles commands
config.status:1462: executing libtool commands

## ---------------- ##
## Cache variables. ##
## ---------------- ##

ac_cv_build=x86_64-unknown-linux-gnu
ac_cv_c_bigendian=no
ac_cv_c_compiler_gnu=yes
ac_cv_cxx_compiler_gnu=yes
ac_cv_env_CCC_set=
ac_cv_env_CCC_value=
ac_cv_env_CC_set=
ac_cv_env_CC_value=
ac_cv_env_CFLAGS_set=
ac_cv_env_CFLAGS_value=
ac_cv_env_CPPFLAGS_set=
ac_cv_env_CPPFLAGS_value=
ac_cv_env_CXXCPP_set=
ac_cv_env_CXXCPP_value=
ac_cv_env_CXXFLAGS_set=
ac_cv_env_CXXFLAGS_value=
ac_cv_env_CXX_set=
ac_cv_env_CXX_value=
ac_cv_env_LDFLAGS_set=
ac_cv_env_LDFLAGS_value=
ac_cv_env_LIBLEPT_HEADERSDIR_set=set
ac_cv_env_LIBLEPT_HEADERSDIR_value=/app/.vendor/leptonica-1.71/include
ac_cv_env_LIBS_set=
ac_cv_env_LIBS_value=
ac_cv_env_build_alias_set=
ac_cv_env_build_alias_value=
ac_cv_env_host_alias_set=
ac_cv_env_host_alias_value=
ac_cv_env_target_alias_set=
ac_cv_env_target_alias_value=
ac_cv_func_getline=yes
ac_cv_func_snprintf=yes
ac_cv_header_CL_cl_h=no
ac_cv_header_OpenCL_cl_h=no
ac_cv_header_cairo_cairo_version_h=no
ac_cv_header_dlfcn_h=yes
ac_cv_header_inttypes_h=yes
ac_cv_header_limits_h=yes
ac_cv_header_malloc_h=yes
ac_cv_header_memory_h=yes
ac_cv_header_pango_1_0_pango_pango_features_h=no
ac_cv_header_stdbool_h=yes
ac_cv_header_stdc=yes
ac_cv_header_stdint_h=yes
ac_cv_header_stdlib_h=yes
ac_cv_header_string_h=yes
ac_cv_header_strings_h=yes
ac_cv_header_sys_ipc_h=yes
ac_cv_header_sys_shm_h=yes
ac_cv_header_sys_stat_h=yes
ac_cv_header_sys_types_h=yes
ac_cv_header_sys_wait_h=yes
ac_cv_header_tiffio_h=yes
ac_cv_header_time=yes
ac_cv_header_unicode_uchar_h=no
ac_cv_header_unistd_h=yes
ac_cv_host=x86_64-unknown-linux-gnu
ac_cv_lib_OpenCL_clGetPlatformIDs=no
ac_cv_lib_lept_pixCreate=yes
ac_cv_objext=o
ac_cv_path_EGREP='/bin/grep -E'
ac_cv_path_FGREP='/bin/grep -F'
ac_cv_path_GREP=/bin/grep
ac_cv_path_SED=/bin/sed
ac_cv_path_install='/usr/bin/install -c'
ac_cv_path_mkdir=/bin/mkdir
ac_cv_prog_AWK=mawk
ac_cv_prog_CXXCPP='g++ -E'
ac_cv_prog_ac_ct_AR=ar
ac_cv_prog_ac_ct_CC=gcc
ac_cv_prog_ac_ct_CXX=g++
ac_cv_prog_ac_ct_MANIFEST_TOOL=mt
ac_cv_prog_ac_ct_OBJDUMP=objdump
ac_cv_prog_ac_ct_RANLIB=ranlib
ac_cv_prog_ac_ct_STRIP=strip
ac_cv_prog_cc_c89=
ac_cv_prog_cc_g=yes
ac_cv_prog_cxx_g=yes
ac_cv_prog_cxx_openmp=-fopenmp
ac_cv_prog_make_make_set=yes
ac_cv_search_sem_init=-lpthread
ac_cv_sys_file_offset_bits=no
ac_cv_sys_interpreter=yes
ac_cv_sys_largefile_CC=no
ac_cv_type__Bool=no
ac_cv_type_long_long_int=yes
ac_cv_type_mbstate_t=yes
ac_cv_type_off_t=yes
ac_cv_type_wchar_t=yes
am_cv_CC_dependencies_compiler_type=gcc3
am_cv_CXX_dependencies_compiler_type=gcc3
am_cv_make_support_nested_variables=yes
am_cv_prog_cc_c_o=yes
lt_cv_ar_at_file=@
lt_cv_archive_cmds_need_lc=no
lt_cv_deplibs_check_method=pass_all
lt_cv_file_magic_cmd='$MAGIC_CMD'
lt_cv_file_magic_test_file=
lt_cv_ld_reload_flag=-r
lt_cv_nm_interface='BSD nm'
lt_cv_objdir=.libs
lt_cv_path_LD=/usr/bin/ld
lt_cv_path_LDCXX='/usr/bin/ld -m elf_x86_64'
lt_cv_path_NM='/usr/bin/nm -B'
lt_cv_path_mainfest_tool=no
lt_cv_prog_compiler_c_o=yes
lt_cv_prog_compiler_c_o_CXX=yes
lt_cv_prog_compiler_pic='-fPIC -DPIC'
lt_cv_prog_compiler_pic_CXX='-fPIC -DPIC'
lt_cv_prog_compiler_pic_works=yes
lt_cv_prog_compiler_pic_works_CXX=yes
lt_cv_prog_compiler_rtti_exceptions=no
lt_cv_prog_compiler_static_works=yes
lt_cv_prog_compiler_static_works_CXX=yes
lt_cv_prog_gnu_ld=yes
lt_cv_prog_gnu_ldcxx=yes
lt_cv_sharedlib_from_linklib_cmd='printf %s\n'
lt_cv_shlibpath_overrides_runpath=no
lt_cv_sys_global_symbol_pipe='sed -n -e '\''s/^.*[	 ]\([ABCDGIRSTW][ABCDGIRSTW]*\)[	 ][	 ]*\([_A-Za-z][_A-Za-z0-9]*\)$/\1 \2 \2/p'\'' | sed '\''/ __gnu_lto/d'\'''
lt_cv_sys_global_symbol_to_c_name_address='sed -n -e '\''s/^: \([^ ]*\)[ ]*$/  {\"\1\", (void *) 0},/p'\'' -e '\''s/^[ABCDGIRSTW]* \([^ ]*\) \([^ ]*\)$/  {"\2", (void *) \&\2},/p'\'''
lt_cv_sys_global_symbol_to_c_name_address_lib_prefix='sed -n -e '\''s/^: \([^ ]*\)[ ]*$/  {\"\1\", (void *) 0},/p'\'' -e '\''s/^[ABCDGIRSTW]* \([^ ]*\) \(lib[^ ]*\)$/  {"\2", (void *) \&\2},/p'\'' -e '\''s/^[ABCDGIRSTW]* \([^ ]*\) \([^ ]*\)$/  {"lib\2", (void *) \&\2},/p'\'''
lt_cv_sys_global_symbol_to_cdecl='sed -n -e '\''s/^T .* \(.*\)$/extern int \1();/p'\'' -e '\''s/^[ABCDGIRSTW]* .* \(.*\)$/extern char \1;/p'\'''
lt_cv_sys_max_cmd_len=1572864
lt_cv_to_host_file_cmd=func_convert_file_noop
lt_cv_to_tool_file_cmd=func_convert_file_noop

## ----------------- ##
## Output variables. ##
## ----------------- ##

ACLOCAL='${SHELL} /app/tmp/tesseract/config/missing aclocal-1.14'
ADD_RT_FALSE='#'
ADD_RT_TRUE=''
AMDEPBACKSLASH='\'
AMDEP_FALSE='#'
AMDEP_TRUE=''
AMTAR='$${TAR-tar}'
AM_BACKSLASH='\'
AM_CPPFLAGS=' -O2 -DNDEBUG'
AM_DEFAULT_V='$(AM_DEFAULT_VERBOSITY)'
AM_DEFAULT_VERBOSITY='1'
AM_LDFLAGS=''
AM_V='$(V)'
AR='ar'
AUTOCONF='${SHELL} /app/tmp/tesseract/config/missing autoconf'
AUTOHEADER='${SHELL} /app/tmp/tesseract/config/missing autoheader'
AUTOMAKE='${SHELL} /app/tmp/tesseract/config/missing automake-1.14'
AWK='mawk'
CC='gcc'
CCDEPMODE='depmode=gcc3'
CFLAGS='-g -O2'
CPPFLAGS=' -I/app/.vendor/leptonica-1.71/include/leptonica'
CXX='g++'
CXXCPP='g++ -E'
CXXDEPMODE='depmode=gcc3'
CXXFLAGS='-g -O2 -std=c++11'
CYGPATH_W='echo'
DEFS='-DHAVE_CONFIG_H'
DEPDIR='.deps'
DLLTOOL='false'
DSYMUTIL=''
DUMPBIN=''
ECHO_C=''
ECHO_N='-n'
ECHO_T=''
EGREP='/bin/grep -E'
EMBEDDED_FALSE=''
EMBEDDED_TRUE='#'
ENABLE_TRAINING_FALSE=''
ENABLE_TRAINING_TRUE='#'
EXEEXT=''
FGREP='/bin/grep -F'
FRAMEWORK_OPENCL=''
GENERIC_API_VERSION='3.4'
GENERIC_LIBRARY_NAME='tesseract'
GENERIC_LIBRARY_VERSION='3:4'
GENERIC_MAJOR_VERSION='3'
GENERIC_RELEASE='3.4'
GENERIC_VERSION='3.4.1'
GRAPHICS_DISABLED_FALSE=''
GRAPHICS_DISABLED_TRUE='#'
GREP='/bin/grep'
INSTALL_DATA='${INSTALL} -m 644'
INSTALL_PROGRAM='${INSTALL}'
INSTALL_SCRIPT='${INSTALL}'
INSTALL_STRIP_PROGRAM='$(install_sh) -c -s'
LD='/usr/bin/ld -m elf_x86_64'
LDFLAGS=' -L/app/.vendor/leptonica-1.71/lib'
LIBLEPT_HEADERSDIR='/app/.vendor/leptonica-1.71/include'
LIBOBJS=''
LIBS='-llept -lpthread '
LIBTOOL='$(SHELL) $(top_builddir)/libtool'
LIPO=''
LN_S='ln -s'
LTLIBOBJS=''
MAINT='#'
MAINTAINER_MODE_FALSE=''
MAINTAINER_MODE_TRUE='#'
MAKEINFO='${SHELL} /app/tmp/tesseract/config/missing makeinfo'
MANIFEST_TOOL=':'
MINGW_FALSE=''
MINGW_TRUE='#'
MKDIR_P='/bin/mkdir -p'
NM='/usr/bin/nm -B'
NMEDIT=''
NO_CUBE_BUILD_FALSE=''
NO_CUBE_BUILD_TRUE='#'
NO_TESSDATA_PREFIX_FALSE=''
NO_TESSDATA_PREFIX_TRUE='#'
OBJDUMP='objdump'
OBJEXT='o'
OPENCL_CPPFLAGS=''
OPENCL_LDFLAGS=''
OPENMP_CXXFLAGS='-fopenmp'
OPENMP_FALSE=''
OPENMP_TRUE='#'
OSX_FALSE=''
OSX_TRUE='#'
OTOOL64=''
OTOOL=''
PACKAGE='tesseract'
PACKAGE_BUGREPORT='https://github.com/tesseract-ocr/tesseract/issues'
PACKAGE_DATE='02/16'
PACKAGE_NAME='tesseract'
PACKAGE_STRING='tesseract 3.04.01'
PACKAGE_TARNAME='tesseract'
PACKAGE_URL=''
PACKAGE_VERSION='3.04.01'
PACKAGE_YEAR='2016'
PATH_SEPARATOR=':'
RANLIB='ranlib'
SED='/bin/sed'
SET_MAKE=''
SHELL='/bin/bash'
STRIP='strip'
T_WIN_FALSE=''
T_WIN_TRUE='#'
USE_OPENCL_FALSE=''
USE_OPENCL_TRUE='#'
USING_MULTIPLELIBS_FALSE=''
USING_MULTIPLELIBS_TRUE='#'
VERSION='3.04.01'
VISIBILITY_FALSE=''
VISIBILITY_TRUE='#'
ac_ct_AR='ar'
ac_ct_CC='gcc'
ac_ct_CXX='g++'
ac_ct_DUMPBIN=''
am__EXEEXT_FALSE=''
am__EXEEXT_TRUE='#'
am__fastdepCC_FALSE='#'
am__fastdepCC_TRUE=''
am__fastdepCXX_FALSE='#'
am__fastdepCXX_TRUE=''
am__include='include'
am__isrc=''
am__leading_dot='.'
am__nodep='_no'
am__quote=''
am__tar='$${TAR-tar} chof - "$$tardir"'
am__untar='$${TAR-tar} xf -'
bindir='${exec_prefix}/bin'
build='x86_64-unknown-linux-gnu'
build_alias=''
build_cpu='x86_64'
build_os='linux-gnu'
build_vendor='unknown'
datadir='${datarootdir}'
datarootdir='${prefix}/share'
docdir='${datarootdir}/doc/${PACKAGE_TARNAME}'
dvidir='${docdir}'
exec_prefix='${prefix}'
host='x86_64-unknown-linux-gnu'
host_alias=''
host_cpu='x86_64'
host_os='linux-gnu'
host_vendor='unknown'
htmldir='${docdir}'
includedir='${prefix}/include/tesseract'
infodir='${datarootdir}/info'
install_sh='${SHELL} /app/tmp/tesseract/config/install-sh'
libdir='${exec_prefix}/lib'
libexecdir='${exec_prefix}/libexec'
localedir='${datarootdir}/locale'
localstatedir='${prefix}/var'
mandir='${datarootdir}/man'
mkdir_p='$(MKDIR_P)'
oldincludedir='/usr/include'
pdfdir='${docdir}'
prefix='/app/.vendor/tesseract'
program_transform_name='s,x,x,'
psdir='${docdir}'
sbindir='${exec_prefix}/sbin'
sharedstatedir='${prefix}/com'
sysconfdir='${prefix}/etc'
target_alias=''

## ----------- ##
## confdefs.h. ##
## ----------- ##

/* confdefs.h */
#define PACKAGE_NAME "tesseract"
#define PACKAGE_TARNAME "tesseract"
#define PACKAGE_VERSION "3.04.01"
#define PACKAGE_STRING "tesseract 3.04.01"
#define PACKAGE_BUGREPORT "https://github.com/tesseract-ocr/tesseract/issues"
#define PACKAGE_URL ""
#define GIT_REV "3.04.01"
#define PACKAGE_NAME "tesseract"
#define PACKAGE_VERSION "3.04.01"
#define PACKAGE_YEAR "2016"
#define PACKAGE_DATE "02/16"
#define PACKAGE "tesseract"
#define VERSION "3.04.01"
#define STDC_HEADERS 1
#define HAVE_SYS_TYPES_H 1
#define HAVE_SYS_STAT_H 1
#define HAVE_STDLIB_H 1
#define HAVE_STRING_H 1
#define HAVE_MEMORY_H 1
#define HAVE_STRINGS_H 1
#define HAVE_INTTYPES_H 1
#define HAVE_STDINT_H 1
#define HAVE_UNISTD_H 1
#define HAVE_TIFFIO_H 1
#define HAVE_DLFCN_H 1
#define LT_OBJDIR ".libs/"
#define HAVE_SNPRINTF 1
#define STDC_HEADERS 1
#define TIME_WITH_SYS_TIME 1
#define HAVE_SYS_WAIT_H 1
#define HAVE_SYS_IPC_H 1
#define HAVE_SYS_SHM_H 1
#define HAVE_LIMITS_H 1
#define HAVE_MALLOC_H 1
#define HAVE_STDBOOL_H 1
#define HAVE_GETLINE 1
#define HAVE_WCHAR_T 1
#define HAVE_LONG_LONG_INT 1
#define HAVE_OFF_T 1
#define HAVE_MBSTATE_T 1
#define HAVE_LIBLEPT 1

configure: exit 0
